ARM GAS  /tmp/ccnKOVH8.s 			page 1


   1              		.cpu cortex-m4
   2              		.eabi_attribute 27, 1
   3              		.eabi_attribute 28, 1
   4              		.eabi_attribute 20, 1
   5              		.eabi_attribute 21, 1
   6              		.eabi_attribute 23, 3
   7              		.eabi_attribute 24, 1
   8              		.eabi_attribute 25, 1
   9              		.eabi_attribute 26, 1
  10              		.eabi_attribute 30, 1
  11              		.eabi_attribute 34, 1
  12              		.eabi_attribute 18, 4
  13              		.file	"stm32f4xx_hal_i2c_ex.c"
  14              		.text
  15              	.Ltext0:
  16              		.cfi_sections	.debug_frame
  17              		.section	.text.HAL_I2CEx_ConfigAnalogFilter,"ax",%progbits
  18              		.align	1
  19              		.global	HAL_I2CEx_ConfigAnalogFilter
  20              		.arch armv7e-m
  21              		.syntax unified
  22              		.thumb
  23              		.thumb_func
  24              		.fpu fpv4-sp-d16
  26              	HAL_I2CEx_ConfigAnalogFilter:
  27              	.LVL0:
  28              	.LFB130:
  29              		.file 1 "/home/nick/dev/stm32cube/rave_backpack/STM32CubeF4/Drivers/STM32F4xx_HAL_Driver/Src/stm32
   1:/home/nick/dev/stm32cube/rave_backpack/STM32CubeF4/Drivers/STM32F4xx_HAL_Driver/Src/stm32f4xx_hal_i2c_ex.c **** /**
   2:/home/nick/dev/stm32cube/rave_backpack/STM32CubeF4/Drivers/STM32F4xx_HAL_Driver/Src/stm32f4xx_hal_i2c_ex.c ****   ******************************************************************************
   3:/home/nick/dev/stm32cube/rave_backpack/STM32CubeF4/Drivers/STM32F4xx_HAL_Driver/Src/stm32f4xx_hal_i2c_ex.c ****   * @file    stm32f4xx_hal_i2c_ex.c
   4:/home/nick/dev/stm32cube/rave_backpack/STM32CubeF4/Drivers/STM32F4xx_HAL_Driver/Src/stm32f4xx_hal_i2c_ex.c ****   * @author  MCD Application Team
   5:/home/nick/dev/stm32cube/rave_backpack/STM32CubeF4/Drivers/STM32F4xx_HAL_Driver/Src/stm32f4xx_hal_i2c_ex.c ****   * @brief   I2C Extension HAL module driver.
   6:/home/nick/dev/stm32cube/rave_backpack/STM32CubeF4/Drivers/STM32F4xx_HAL_Driver/Src/stm32f4xx_hal_i2c_ex.c ****   *          This file provides firmware functions to manage the following
   7:/home/nick/dev/stm32cube/rave_backpack/STM32CubeF4/Drivers/STM32F4xx_HAL_Driver/Src/stm32f4xx_hal_i2c_ex.c ****   *          functionalities of I2C extension peripheral:
   8:/home/nick/dev/stm32cube/rave_backpack/STM32CubeF4/Drivers/STM32F4xx_HAL_Driver/Src/stm32f4xx_hal_i2c_ex.c ****   *           + Extension features functions
   9:/home/nick/dev/stm32cube/rave_backpack/STM32CubeF4/Drivers/STM32F4xx_HAL_Driver/Src/stm32f4xx_hal_i2c_ex.c ****   *
  10:/home/nick/dev/stm32cube/rave_backpack/STM32CubeF4/Drivers/STM32F4xx_HAL_Driver/Src/stm32f4xx_hal_i2c_ex.c ****   ******************************************************************************
  11:/home/nick/dev/stm32cube/rave_backpack/STM32CubeF4/Drivers/STM32F4xx_HAL_Driver/Src/stm32f4xx_hal_i2c_ex.c ****   * @attention
  12:/home/nick/dev/stm32cube/rave_backpack/STM32CubeF4/Drivers/STM32F4xx_HAL_Driver/Src/stm32f4xx_hal_i2c_ex.c ****   *
  13:/home/nick/dev/stm32cube/rave_backpack/STM32CubeF4/Drivers/STM32F4xx_HAL_Driver/Src/stm32f4xx_hal_i2c_ex.c ****   * Copyright (c) 2016 STMicroelectronics.
  14:/home/nick/dev/stm32cube/rave_backpack/STM32CubeF4/Drivers/STM32F4xx_HAL_Driver/Src/stm32f4xx_hal_i2c_ex.c ****   * All rights reserved.
  15:/home/nick/dev/stm32cube/rave_backpack/STM32CubeF4/Drivers/STM32F4xx_HAL_Driver/Src/stm32f4xx_hal_i2c_ex.c ****   *
  16:/home/nick/dev/stm32cube/rave_backpack/STM32CubeF4/Drivers/STM32F4xx_HAL_Driver/Src/stm32f4xx_hal_i2c_ex.c ****   * This software is licensed under terms that can be found in the LICENSE file
  17:/home/nick/dev/stm32cube/rave_backpack/STM32CubeF4/Drivers/STM32F4xx_HAL_Driver/Src/stm32f4xx_hal_i2c_ex.c ****   * in the root directory of this software component.
  18:/home/nick/dev/stm32cube/rave_backpack/STM32CubeF4/Drivers/STM32F4xx_HAL_Driver/Src/stm32f4xx_hal_i2c_ex.c ****   * If no LICENSE file comes with this software, it is provided AS-IS.
  19:/home/nick/dev/stm32cube/rave_backpack/STM32CubeF4/Drivers/STM32F4xx_HAL_Driver/Src/stm32f4xx_hal_i2c_ex.c ****   *
  20:/home/nick/dev/stm32cube/rave_backpack/STM32CubeF4/Drivers/STM32F4xx_HAL_Driver/Src/stm32f4xx_hal_i2c_ex.c ****   ******************************************************************************
  21:/home/nick/dev/stm32cube/rave_backpack/STM32CubeF4/Drivers/STM32F4xx_HAL_Driver/Src/stm32f4xx_hal_i2c_ex.c ****   @verbatim
  22:/home/nick/dev/stm32cube/rave_backpack/STM32CubeF4/Drivers/STM32F4xx_HAL_Driver/Src/stm32f4xx_hal_i2c_ex.c ****   ==============================================================================
  23:/home/nick/dev/stm32cube/rave_backpack/STM32CubeF4/Drivers/STM32F4xx_HAL_Driver/Src/stm32f4xx_hal_i2c_ex.c ****                ##### I2C peripheral extension features  #####
  24:/home/nick/dev/stm32cube/rave_backpack/STM32CubeF4/Drivers/STM32F4xx_HAL_Driver/Src/stm32f4xx_hal_i2c_ex.c ****   ==============================================================================
  25:/home/nick/dev/stm32cube/rave_backpack/STM32CubeF4/Drivers/STM32F4xx_HAL_Driver/Src/stm32f4xx_hal_i2c_ex.c **** 
  26:/home/nick/dev/stm32cube/rave_backpack/STM32CubeF4/Drivers/STM32F4xx_HAL_Driver/Src/stm32f4xx_hal_i2c_ex.c ****   [..] Comparing to other previous devices, the I2C interface for STM32F427xx/437xx/
  27:/home/nick/dev/stm32cube/rave_backpack/STM32CubeF4/Drivers/STM32F4xx_HAL_Driver/Src/stm32f4xx_hal_i2c_ex.c ****        429xx/439xx devices contains the following additional features :
  28:/home/nick/dev/stm32cube/rave_backpack/STM32CubeF4/Drivers/STM32F4xx_HAL_Driver/Src/stm32f4xx_hal_i2c_ex.c **** 
  29:/home/nick/dev/stm32cube/rave_backpack/STM32CubeF4/Drivers/STM32F4xx_HAL_Driver/Src/stm32f4xx_hal_i2c_ex.c ****        (+) Possibility to disable or enable Analog Noise Filter
ARM GAS  /tmp/ccnKOVH8.s 			page 2


  30:/home/nick/dev/stm32cube/rave_backpack/STM32CubeF4/Drivers/STM32F4xx_HAL_Driver/Src/stm32f4xx_hal_i2c_ex.c ****        (+) Use of a configured Digital Noise Filter
  31:/home/nick/dev/stm32cube/rave_backpack/STM32CubeF4/Drivers/STM32F4xx_HAL_Driver/Src/stm32f4xx_hal_i2c_ex.c **** 
  32:/home/nick/dev/stm32cube/rave_backpack/STM32CubeF4/Drivers/STM32F4xx_HAL_Driver/Src/stm32f4xx_hal_i2c_ex.c ****                      ##### How to use this driver #####
  33:/home/nick/dev/stm32cube/rave_backpack/STM32CubeF4/Drivers/STM32F4xx_HAL_Driver/Src/stm32f4xx_hal_i2c_ex.c ****   ==============================================================================
  34:/home/nick/dev/stm32cube/rave_backpack/STM32CubeF4/Drivers/STM32F4xx_HAL_Driver/Src/stm32f4xx_hal_i2c_ex.c ****   [..] This driver provides functions to configure Noise Filter
  35:/home/nick/dev/stm32cube/rave_backpack/STM32CubeF4/Drivers/STM32F4xx_HAL_Driver/Src/stm32f4xx_hal_i2c_ex.c ****     (#) Configure I2C Analog noise filter using the function HAL_I2C_AnalogFilter_Config()
  36:/home/nick/dev/stm32cube/rave_backpack/STM32CubeF4/Drivers/STM32F4xx_HAL_Driver/Src/stm32f4xx_hal_i2c_ex.c ****     (#) Configure I2C Digital noise filter using the function HAL_I2C_DigitalFilter_Config()
  37:/home/nick/dev/stm32cube/rave_backpack/STM32CubeF4/Drivers/STM32F4xx_HAL_Driver/Src/stm32f4xx_hal_i2c_ex.c **** 
  38:/home/nick/dev/stm32cube/rave_backpack/STM32CubeF4/Drivers/STM32F4xx_HAL_Driver/Src/stm32f4xx_hal_i2c_ex.c ****   @endverbatim
  39:/home/nick/dev/stm32cube/rave_backpack/STM32CubeF4/Drivers/STM32F4xx_HAL_Driver/Src/stm32f4xx_hal_i2c_ex.c ****   */
  40:/home/nick/dev/stm32cube/rave_backpack/STM32CubeF4/Drivers/STM32F4xx_HAL_Driver/Src/stm32f4xx_hal_i2c_ex.c **** 
  41:/home/nick/dev/stm32cube/rave_backpack/STM32CubeF4/Drivers/STM32F4xx_HAL_Driver/Src/stm32f4xx_hal_i2c_ex.c **** /* Includes ------------------------------------------------------------------*/
  42:/home/nick/dev/stm32cube/rave_backpack/STM32CubeF4/Drivers/STM32F4xx_HAL_Driver/Src/stm32f4xx_hal_i2c_ex.c **** #include "stm32f4xx_hal.h"
  43:/home/nick/dev/stm32cube/rave_backpack/STM32CubeF4/Drivers/STM32F4xx_HAL_Driver/Src/stm32f4xx_hal_i2c_ex.c **** 
  44:/home/nick/dev/stm32cube/rave_backpack/STM32CubeF4/Drivers/STM32F4xx_HAL_Driver/Src/stm32f4xx_hal_i2c_ex.c **** /** @addtogroup STM32F4xx_HAL_Driver
  45:/home/nick/dev/stm32cube/rave_backpack/STM32CubeF4/Drivers/STM32F4xx_HAL_Driver/Src/stm32f4xx_hal_i2c_ex.c ****   * @{
  46:/home/nick/dev/stm32cube/rave_backpack/STM32CubeF4/Drivers/STM32F4xx_HAL_Driver/Src/stm32f4xx_hal_i2c_ex.c ****   */
  47:/home/nick/dev/stm32cube/rave_backpack/STM32CubeF4/Drivers/STM32F4xx_HAL_Driver/Src/stm32f4xx_hal_i2c_ex.c **** 
  48:/home/nick/dev/stm32cube/rave_backpack/STM32CubeF4/Drivers/STM32F4xx_HAL_Driver/Src/stm32f4xx_hal_i2c_ex.c **** /** @defgroup I2CEx I2CEx
  49:/home/nick/dev/stm32cube/rave_backpack/STM32CubeF4/Drivers/STM32F4xx_HAL_Driver/Src/stm32f4xx_hal_i2c_ex.c ****   * @brief I2C HAL module driver
  50:/home/nick/dev/stm32cube/rave_backpack/STM32CubeF4/Drivers/STM32F4xx_HAL_Driver/Src/stm32f4xx_hal_i2c_ex.c ****   * @{
  51:/home/nick/dev/stm32cube/rave_backpack/STM32CubeF4/Drivers/STM32F4xx_HAL_Driver/Src/stm32f4xx_hal_i2c_ex.c ****   */
  52:/home/nick/dev/stm32cube/rave_backpack/STM32CubeF4/Drivers/STM32F4xx_HAL_Driver/Src/stm32f4xx_hal_i2c_ex.c **** 
  53:/home/nick/dev/stm32cube/rave_backpack/STM32CubeF4/Drivers/STM32F4xx_HAL_Driver/Src/stm32f4xx_hal_i2c_ex.c **** #ifdef HAL_I2C_MODULE_ENABLED
  54:/home/nick/dev/stm32cube/rave_backpack/STM32CubeF4/Drivers/STM32F4xx_HAL_Driver/Src/stm32f4xx_hal_i2c_ex.c **** 
  55:/home/nick/dev/stm32cube/rave_backpack/STM32CubeF4/Drivers/STM32F4xx_HAL_Driver/Src/stm32f4xx_hal_i2c_ex.c **** #if  defined(I2C_FLTR_ANOFF)&&defined(I2C_FLTR_DNF)
  56:/home/nick/dev/stm32cube/rave_backpack/STM32CubeF4/Drivers/STM32F4xx_HAL_Driver/Src/stm32f4xx_hal_i2c_ex.c **** /* Private typedef -----------------------------------------------------------*/
  57:/home/nick/dev/stm32cube/rave_backpack/STM32CubeF4/Drivers/STM32F4xx_HAL_Driver/Src/stm32f4xx_hal_i2c_ex.c **** /* Private define ------------------------------------------------------------*/
  58:/home/nick/dev/stm32cube/rave_backpack/STM32CubeF4/Drivers/STM32F4xx_HAL_Driver/Src/stm32f4xx_hal_i2c_ex.c **** /* Private macro -------------------------------------------------------------*/
  59:/home/nick/dev/stm32cube/rave_backpack/STM32CubeF4/Drivers/STM32F4xx_HAL_Driver/Src/stm32f4xx_hal_i2c_ex.c **** /* Private variables ---------------------------------------------------------*/
  60:/home/nick/dev/stm32cube/rave_backpack/STM32CubeF4/Drivers/STM32F4xx_HAL_Driver/Src/stm32f4xx_hal_i2c_ex.c **** /* Private function prototypes -----------------------------------------------*/
  61:/home/nick/dev/stm32cube/rave_backpack/STM32CubeF4/Drivers/STM32F4xx_HAL_Driver/Src/stm32f4xx_hal_i2c_ex.c **** /* Exported functions --------------------------------------------------------*/
  62:/home/nick/dev/stm32cube/rave_backpack/STM32CubeF4/Drivers/STM32F4xx_HAL_Driver/Src/stm32f4xx_hal_i2c_ex.c **** /** @defgroup I2CEx_Exported_Functions I2C Exported Functions
  63:/home/nick/dev/stm32cube/rave_backpack/STM32CubeF4/Drivers/STM32F4xx_HAL_Driver/Src/stm32f4xx_hal_i2c_ex.c ****   * @{
  64:/home/nick/dev/stm32cube/rave_backpack/STM32CubeF4/Drivers/STM32F4xx_HAL_Driver/Src/stm32f4xx_hal_i2c_ex.c ****   */
  65:/home/nick/dev/stm32cube/rave_backpack/STM32CubeF4/Drivers/STM32F4xx_HAL_Driver/Src/stm32f4xx_hal_i2c_ex.c **** 
  66:/home/nick/dev/stm32cube/rave_backpack/STM32CubeF4/Drivers/STM32F4xx_HAL_Driver/Src/stm32f4xx_hal_i2c_ex.c **** 
  67:/home/nick/dev/stm32cube/rave_backpack/STM32CubeF4/Drivers/STM32F4xx_HAL_Driver/Src/stm32f4xx_hal_i2c_ex.c **** /** @defgroup I2CEx_Exported_Functions_Group1 Extension features functions
  68:/home/nick/dev/stm32cube/rave_backpack/STM32CubeF4/Drivers/STM32F4xx_HAL_Driver/Src/stm32f4xx_hal_i2c_ex.c ****  *  @brief   Extension features functions
  69:/home/nick/dev/stm32cube/rave_backpack/STM32CubeF4/Drivers/STM32F4xx_HAL_Driver/Src/stm32f4xx_hal_i2c_ex.c ****  *
  70:/home/nick/dev/stm32cube/rave_backpack/STM32CubeF4/Drivers/STM32F4xx_HAL_Driver/Src/stm32f4xx_hal_i2c_ex.c **** @verbatim
  71:/home/nick/dev/stm32cube/rave_backpack/STM32CubeF4/Drivers/STM32F4xx_HAL_Driver/Src/stm32f4xx_hal_i2c_ex.c ****  ===============================================================================
  72:/home/nick/dev/stm32cube/rave_backpack/STM32CubeF4/Drivers/STM32F4xx_HAL_Driver/Src/stm32f4xx_hal_i2c_ex.c ****                       ##### Extension features functions #####
  73:/home/nick/dev/stm32cube/rave_backpack/STM32CubeF4/Drivers/STM32F4xx_HAL_Driver/Src/stm32f4xx_hal_i2c_ex.c ****  ===============================================================================
  74:/home/nick/dev/stm32cube/rave_backpack/STM32CubeF4/Drivers/STM32F4xx_HAL_Driver/Src/stm32f4xx_hal_i2c_ex.c ****     [..] This section provides functions allowing to:
  75:/home/nick/dev/stm32cube/rave_backpack/STM32CubeF4/Drivers/STM32F4xx_HAL_Driver/Src/stm32f4xx_hal_i2c_ex.c ****       (+) Configure Noise Filters
  76:/home/nick/dev/stm32cube/rave_backpack/STM32CubeF4/Drivers/STM32F4xx_HAL_Driver/Src/stm32f4xx_hal_i2c_ex.c **** 
  77:/home/nick/dev/stm32cube/rave_backpack/STM32CubeF4/Drivers/STM32F4xx_HAL_Driver/Src/stm32f4xx_hal_i2c_ex.c **** @endverbatim
  78:/home/nick/dev/stm32cube/rave_backpack/STM32CubeF4/Drivers/STM32F4xx_HAL_Driver/Src/stm32f4xx_hal_i2c_ex.c ****   * @{
  79:/home/nick/dev/stm32cube/rave_backpack/STM32CubeF4/Drivers/STM32F4xx_HAL_Driver/Src/stm32f4xx_hal_i2c_ex.c ****   */
  80:/home/nick/dev/stm32cube/rave_backpack/STM32CubeF4/Drivers/STM32F4xx_HAL_Driver/Src/stm32f4xx_hal_i2c_ex.c **** 
  81:/home/nick/dev/stm32cube/rave_backpack/STM32CubeF4/Drivers/STM32F4xx_HAL_Driver/Src/stm32f4xx_hal_i2c_ex.c **** /**
  82:/home/nick/dev/stm32cube/rave_backpack/STM32CubeF4/Drivers/STM32F4xx_HAL_Driver/Src/stm32f4xx_hal_i2c_ex.c ****   * @brief  Configures I2C Analog noise filter.
  83:/home/nick/dev/stm32cube/rave_backpack/STM32CubeF4/Drivers/STM32F4xx_HAL_Driver/Src/stm32f4xx_hal_i2c_ex.c ****   * @param  hi2c pointer to a I2C_HandleTypeDef structure that contains
  84:/home/nick/dev/stm32cube/rave_backpack/STM32CubeF4/Drivers/STM32F4xx_HAL_Driver/Src/stm32f4xx_hal_i2c_ex.c ****   *                the configuration information for the specified I2Cx peripheral.
  85:/home/nick/dev/stm32cube/rave_backpack/STM32CubeF4/Drivers/STM32F4xx_HAL_Driver/Src/stm32f4xx_hal_i2c_ex.c ****   * @param  AnalogFilter new state of the Analog filter.
  86:/home/nick/dev/stm32cube/rave_backpack/STM32CubeF4/Drivers/STM32F4xx_HAL_Driver/Src/stm32f4xx_hal_i2c_ex.c ****   * @retval HAL status
ARM GAS  /tmp/ccnKOVH8.s 			page 3


  87:/home/nick/dev/stm32cube/rave_backpack/STM32CubeF4/Drivers/STM32F4xx_HAL_Driver/Src/stm32f4xx_hal_i2c_ex.c ****   */
  88:/home/nick/dev/stm32cube/rave_backpack/STM32CubeF4/Drivers/STM32F4xx_HAL_Driver/Src/stm32f4xx_hal_i2c_ex.c **** HAL_StatusTypeDef HAL_I2CEx_ConfigAnalogFilter(I2C_HandleTypeDef *hi2c, uint32_t AnalogFilter)
  89:/home/nick/dev/stm32cube/rave_backpack/STM32CubeF4/Drivers/STM32F4xx_HAL_Driver/Src/stm32f4xx_hal_i2c_ex.c **** {
  30              		.loc 1 89 1 view -0
  31              		.cfi_startproc
  32              		@ args = 0, pretend = 0, frame = 0
  33              		@ frame_needed = 0, uses_anonymous_args = 0
  34              		@ link register save eliminated.
  90:/home/nick/dev/stm32cube/rave_backpack/STM32CubeF4/Drivers/STM32F4xx_HAL_Driver/Src/stm32f4xx_hal_i2c_ex.c ****   /* Check the parameters */
  91:/home/nick/dev/stm32cube/rave_backpack/STM32CubeF4/Drivers/STM32F4xx_HAL_Driver/Src/stm32f4xx_hal_i2c_ex.c ****   assert_param(IS_I2C_ALL_INSTANCE(hi2c->Instance));
  35              		.loc 1 91 3 view .LVU1
  92:/home/nick/dev/stm32cube/rave_backpack/STM32CubeF4/Drivers/STM32F4xx_HAL_Driver/Src/stm32f4xx_hal_i2c_ex.c ****   assert_param(IS_I2C_ANALOG_FILTER(AnalogFilter));
  36              		.loc 1 92 3 view .LVU2
  93:/home/nick/dev/stm32cube/rave_backpack/STM32CubeF4/Drivers/STM32F4xx_HAL_Driver/Src/stm32f4xx_hal_i2c_ex.c **** 
  94:/home/nick/dev/stm32cube/rave_backpack/STM32CubeF4/Drivers/STM32F4xx_HAL_Driver/Src/stm32f4xx_hal_i2c_ex.c ****   if (hi2c->State == HAL_I2C_STATE_READY)
  37              		.loc 1 94 3 view .LVU3
  38              		.loc 1 94 11 is_stmt 0 view .LVU4
  39 0000 90F83D30 		ldrb	r3, [r0, #61]	@ zero_extendqisi2
  40 0004 DBB2     		uxtb	r3, r3
  41              		.loc 1 94 6 view .LVU5
  42 0006 202B     		cmp	r3, #32
  43 0008 01D0     		beq	.L4
  95:/home/nick/dev/stm32cube/rave_backpack/STM32CubeF4/Drivers/STM32F4xx_HAL_Driver/Src/stm32f4xx_hal_i2c_ex.c ****   {
  96:/home/nick/dev/stm32cube/rave_backpack/STM32CubeF4/Drivers/STM32F4xx_HAL_Driver/Src/stm32f4xx_hal_i2c_ex.c ****     hi2c->State = HAL_I2C_STATE_BUSY;
  97:/home/nick/dev/stm32cube/rave_backpack/STM32CubeF4/Drivers/STM32F4xx_HAL_Driver/Src/stm32f4xx_hal_i2c_ex.c **** 
  98:/home/nick/dev/stm32cube/rave_backpack/STM32CubeF4/Drivers/STM32F4xx_HAL_Driver/Src/stm32f4xx_hal_i2c_ex.c ****     /* Disable the selected I2C peripheral */
  99:/home/nick/dev/stm32cube/rave_backpack/STM32CubeF4/Drivers/STM32F4xx_HAL_Driver/Src/stm32f4xx_hal_i2c_ex.c ****     __HAL_I2C_DISABLE(hi2c);
 100:/home/nick/dev/stm32cube/rave_backpack/STM32CubeF4/Drivers/STM32F4xx_HAL_Driver/Src/stm32f4xx_hal_i2c_ex.c **** 
 101:/home/nick/dev/stm32cube/rave_backpack/STM32CubeF4/Drivers/STM32F4xx_HAL_Driver/Src/stm32f4xx_hal_i2c_ex.c ****     /* Reset I2Cx ANOFF bit */
 102:/home/nick/dev/stm32cube/rave_backpack/STM32CubeF4/Drivers/STM32F4xx_HAL_Driver/Src/stm32f4xx_hal_i2c_ex.c ****     hi2c->Instance->FLTR &= ~(I2C_FLTR_ANOFF);
 103:/home/nick/dev/stm32cube/rave_backpack/STM32CubeF4/Drivers/STM32F4xx_HAL_Driver/Src/stm32f4xx_hal_i2c_ex.c **** 
 104:/home/nick/dev/stm32cube/rave_backpack/STM32CubeF4/Drivers/STM32F4xx_HAL_Driver/Src/stm32f4xx_hal_i2c_ex.c ****     /* Disable the analog filter */
 105:/home/nick/dev/stm32cube/rave_backpack/STM32CubeF4/Drivers/STM32F4xx_HAL_Driver/Src/stm32f4xx_hal_i2c_ex.c ****     hi2c->Instance->FLTR |= AnalogFilter;
 106:/home/nick/dev/stm32cube/rave_backpack/STM32CubeF4/Drivers/STM32F4xx_HAL_Driver/Src/stm32f4xx_hal_i2c_ex.c **** 
 107:/home/nick/dev/stm32cube/rave_backpack/STM32CubeF4/Drivers/STM32F4xx_HAL_Driver/Src/stm32f4xx_hal_i2c_ex.c ****     __HAL_I2C_ENABLE(hi2c);
 108:/home/nick/dev/stm32cube/rave_backpack/STM32CubeF4/Drivers/STM32F4xx_HAL_Driver/Src/stm32f4xx_hal_i2c_ex.c **** 
 109:/home/nick/dev/stm32cube/rave_backpack/STM32CubeF4/Drivers/STM32F4xx_HAL_Driver/Src/stm32f4xx_hal_i2c_ex.c ****     hi2c->State = HAL_I2C_STATE_READY;
 110:/home/nick/dev/stm32cube/rave_backpack/STM32CubeF4/Drivers/STM32F4xx_HAL_Driver/Src/stm32f4xx_hal_i2c_ex.c **** 
 111:/home/nick/dev/stm32cube/rave_backpack/STM32CubeF4/Drivers/STM32F4xx_HAL_Driver/Src/stm32f4xx_hal_i2c_ex.c ****     return HAL_OK;
 112:/home/nick/dev/stm32cube/rave_backpack/STM32CubeF4/Drivers/STM32F4xx_HAL_Driver/Src/stm32f4xx_hal_i2c_ex.c ****   }
 113:/home/nick/dev/stm32cube/rave_backpack/STM32CubeF4/Drivers/STM32F4xx_HAL_Driver/Src/stm32f4xx_hal_i2c_ex.c ****   else
 114:/home/nick/dev/stm32cube/rave_backpack/STM32CubeF4/Drivers/STM32F4xx_HAL_Driver/Src/stm32f4xx_hal_i2c_ex.c ****   {
 115:/home/nick/dev/stm32cube/rave_backpack/STM32CubeF4/Drivers/STM32F4xx_HAL_Driver/Src/stm32f4xx_hal_i2c_ex.c ****     return HAL_BUSY;
  44              		.loc 1 115 12 view .LVU6
  45 000a 0220     		movs	r0, #2
  46              	.LVL1:
 116:/home/nick/dev/stm32cube/rave_backpack/STM32CubeF4/Drivers/STM32F4xx_HAL_Driver/Src/stm32f4xx_hal_i2c_ex.c ****   }
 117:/home/nick/dev/stm32cube/rave_backpack/STM32CubeF4/Drivers/STM32F4xx_HAL_Driver/Src/stm32f4xx_hal_i2c_ex.c **** }
  47              		.loc 1 117 1 view .LVU7
  48 000c 7047     		bx	lr
  49              	.LVL2:
  50              	.L4:
  96:/home/nick/dev/stm32cube/rave_backpack/STM32CubeF4/Drivers/STM32F4xx_HAL_Driver/Src/stm32f4xx_hal_i2c_ex.c **** 
  51              		.loc 1 96 5 is_stmt 1 view .LVU8
  96:/home/nick/dev/stm32cube/rave_backpack/STM32CubeF4/Drivers/STM32F4xx_HAL_Driver/Src/stm32f4xx_hal_i2c_ex.c **** 
  52              		.loc 1 96 17 is_stmt 0 view .LVU9
  53 000e 2423     		movs	r3, #36
ARM GAS  /tmp/ccnKOVH8.s 			page 4


  54 0010 80F83D30 		strb	r3, [r0, #61]
  99:/home/nick/dev/stm32cube/rave_backpack/STM32CubeF4/Drivers/STM32F4xx_HAL_Driver/Src/stm32f4xx_hal_i2c_ex.c **** 
  55              		.loc 1 99 5 is_stmt 1 view .LVU10
  56 0014 0268     		ldr	r2, [r0]
  57 0016 1368     		ldr	r3, [r2]
  58 0018 23F00103 		bic	r3, r3, #1
  59 001c 1360     		str	r3, [r2]
 102:/home/nick/dev/stm32cube/rave_backpack/STM32CubeF4/Drivers/STM32F4xx_HAL_Driver/Src/stm32f4xx_hal_i2c_ex.c **** 
  60              		.loc 1 102 5 view .LVU11
 102:/home/nick/dev/stm32cube/rave_backpack/STM32CubeF4/Drivers/STM32F4xx_HAL_Driver/Src/stm32f4xx_hal_i2c_ex.c **** 
  61              		.loc 1 102 9 is_stmt 0 view .LVU12
  62 001e 0268     		ldr	r2, [r0]
 102:/home/nick/dev/stm32cube/rave_backpack/STM32CubeF4/Drivers/STM32F4xx_HAL_Driver/Src/stm32f4xx_hal_i2c_ex.c **** 
  63              		.loc 1 102 26 view .LVU13
  64 0020 536A     		ldr	r3, [r2, #36]
  65 0022 23F01003 		bic	r3, r3, #16
  66 0026 5362     		str	r3, [r2, #36]
 105:/home/nick/dev/stm32cube/rave_backpack/STM32CubeF4/Drivers/STM32F4xx_HAL_Driver/Src/stm32f4xx_hal_i2c_ex.c **** 
  67              		.loc 1 105 5 is_stmt 1 view .LVU14
 105:/home/nick/dev/stm32cube/rave_backpack/STM32CubeF4/Drivers/STM32F4xx_HAL_Driver/Src/stm32f4xx_hal_i2c_ex.c **** 
  68              		.loc 1 105 9 is_stmt 0 view .LVU15
  69 0028 0268     		ldr	r2, [r0]
 105:/home/nick/dev/stm32cube/rave_backpack/STM32CubeF4/Drivers/STM32F4xx_HAL_Driver/Src/stm32f4xx_hal_i2c_ex.c **** 
  70              		.loc 1 105 26 view .LVU16
  71 002a 536A     		ldr	r3, [r2, #36]
  72 002c 1943     		orrs	r1, r1, r3
  73              	.LVL3:
 105:/home/nick/dev/stm32cube/rave_backpack/STM32CubeF4/Drivers/STM32F4xx_HAL_Driver/Src/stm32f4xx_hal_i2c_ex.c **** 
  74              		.loc 1 105 26 view .LVU17
  75 002e 5162     		str	r1, [r2, #36]
 107:/home/nick/dev/stm32cube/rave_backpack/STM32CubeF4/Drivers/STM32F4xx_HAL_Driver/Src/stm32f4xx_hal_i2c_ex.c **** 
  76              		.loc 1 107 5 is_stmt 1 view .LVU18
  77 0030 0268     		ldr	r2, [r0]
  78 0032 1368     		ldr	r3, [r2]
  79 0034 43F00103 		orr	r3, r3, #1
  80 0038 1360     		str	r3, [r2]
 109:/home/nick/dev/stm32cube/rave_backpack/STM32CubeF4/Drivers/STM32F4xx_HAL_Driver/Src/stm32f4xx_hal_i2c_ex.c **** 
  81              		.loc 1 109 5 view .LVU19
 109:/home/nick/dev/stm32cube/rave_backpack/STM32CubeF4/Drivers/STM32F4xx_HAL_Driver/Src/stm32f4xx_hal_i2c_ex.c **** 
  82              		.loc 1 109 17 is_stmt 0 view .LVU20
  83 003a 2023     		movs	r3, #32
  84 003c 80F83D30 		strb	r3, [r0, #61]
 111:/home/nick/dev/stm32cube/rave_backpack/STM32CubeF4/Drivers/STM32F4xx_HAL_Driver/Src/stm32f4xx_hal_i2c_ex.c ****   }
  85              		.loc 1 111 5 is_stmt 1 view .LVU21
 111:/home/nick/dev/stm32cube/rave_backpack/STM32CubeF4/Drivers/STM32F4xx_HAL_Driver/Src/stm32f4xx_hal_i2c_ex.c ****   }
  86              		.loc 1 111 12 is_stmt 0 view .LVU22
  87 0040 0020     		movs	r0, #0
  88              	.LVL4:
 111:/home/nick/dev/stm32cube/rave_backpack/STM32CubeF4/Drivers/STM32F4xx_HAL_Driver/Src/stm32f4xx_hal_i2c_ex.c ****   }
  89              		.loc 1 111 12 view .LVU23
  90 0042 7047     		bx	lr
  91              		.cfi_endproc
  92              	.LFE130:
  94              		.section	.text.HAL_I2CEx_ConfigDigitalFilter,"ax",%progbits
  95              		.align	1
  96              		.global	HAL_I2CEx_ConfigDigitalFilter
  97              		.syntax unified
ARM GAS  /tmp/ccnKOVH8.s 			page 5


  98              		.thumb
  99              		.thumb_func
 100              		.fpu fpv4-sp-d16
 102              	HAL_I2CEx_ConfigDigitalFilter:
 103              	.LVL5:
 104              	.LFB131:
 118:/home/nick/dev/stm32cube/rave_backpack/STM32CubeF4/Drivers/STM32F4xx_HAL_Driver/Src/stm32f4xx_hal_i2c_ex.c **** 
 119:/home/nick/dev/stm32cube/rave_backpack/STM32CubeF4/Drivers/STM32F4xx_HAL_Driver/Src/stm32f4xx_hal_i2c_ex.c **** /**
 120:/home/nick/dev/stm32cube/rave_backpack/STM32CubeF4/Drivers/STM32F4xx_HAL_Driver/Src/stm32f4xx_hal_i2c_ex.c ****   * @brief  Configures I2C Digital noise filter.
 121:/home/nick/dev/stm32cube/rave_backpack/STM32CubeF4/Drivers/STM32F4xx_HAL_Driver/Src/stm32f4xx_hal_i2c_ex.c ****   * @param  hi2c pointer to a I2C_HandleTypeDef structure that contains
 122:/home/nick/dev/stm32cube/rave_backpack/STM32CubeF4/Drivers/STM32F4xx_HAL_Driver/Src/stm32f4xx_hal_i2c_ex.c ****   *                the configuration information for the specified I2Cx peripheral.
 123:/home/nick/dev/stm32cube/rave_backpack/STM32CubeF4/Drivers/STM32F4xx_HAL_Driver/Src/stm32f4xx_hal_i2c_ex.c ****   * @param  DigitalFilter Coefficient of digital noise filter between 0x00 and 0x0F.
 124:/home/nick/dev/stm32cube/rave_backpack/STM32CubeF4/Drivers/STM32F4xx_HAL_Driver/Src/stm32f4xx_hal_i2c_ex.c ****   * @retval HAL status
 125:/home/nick/dev/stm32cube/rave_backpack/STM32CubeF4/Drivers/STM32F4xx_HAL_Driver/Src/stm32f4xx_hal_i2c_ex.c ****   */
 126:/home/nick/dev/stm32cube/rave_backpack/STM32CubeF4/Drivers/STM32F4xx_HAL_Driver/Src/stm32f4xx_hal_i2c_ex.c **** HAL_StatusTypeDef HAL_I2CEx_ConfigDigitalFilter(I2C_HandleTypeDef *hi2c, uint32_t DigitalFilter)
 127:/home/nick/dev/stm32cube/rave_backpack/STM32CubeF4/Drivers/STM32F4xx_HAL_Driver/Src/stm32f4xx_hal_i2c_ex.c **** {
 105              		.loc 1 127 1 is_stmt 1 view -0
 106              		.cfi_startproc
 107              		@ args = 0, pretend = 0, frame = 0
 108              		@ frame_needed = 0, uses_anonymous_args = 0
 109              		@ link register save eliminated.
 128:/home/nick/dev/stm32cube/rave_backpack/STM32CubeF4/Drivers/STM32F4xx_HAL_Driver/Src/stm32f4xx_hal_i2c_ex.c ****   uint16_t tmpreg = 0;
 110              		.loc 1 128 3 view .LVU25
 129:/home/nick/dev/stm32cube/rave_backpack/STM32CubeF4/Drivers/STM32F4xx_HAL_Driver/Src/stm32f4xx_hal_i2c_ex.c **** 
 130:/home/nick/dev/stm32cube/rave_backpack/STM32CubeF4/Drivers/STM32F4xx_HAL_Driver/Src/stm32f4xx_hal_i2c_ex.c ****   /* Check the parameters */
 131:/home/nick/dev/stm32cube/rave_backpack/STM32CubeF4/Drivers/STM32F4xx_HAL_Driver/Src/stm32f4xx_hal_i2c_ex.c ****   assert_param(IS_I2C_ALL_INSTANCE(hi2c->Instance));
 111              		.loc 1 131 3 view .LVU26
 132:/home/nick/dev/stm32cube/rave_backpack/STM32CubeF4/Drivers/STM32F4xx_HAL_Driver/Src/stm32f4xx_hal_i2c_ex.c ****   assert_param(IS_I2C_DIGITAL_FILTER(DigitalFilter));
 112              		.loc 1 132 3 view .LVU27
 133:/home/nick/dev/stm32cube/rave_backpack/STM32CubeF4/Drivers/STM32F4xx_HAL_Driver/Src/stm32f4xx_hal_i2c_ex.c **** 
 134:/home/nick/dev/stm32cube/rave_backpack/STM32CubeF4/Drivers/STM32F4xx_HAL_Driver/Src/stm32f4xx_hal_i2c_ex.c ****   if (hi2c->State == HAL_I2C_STATE_READY)
 113              		.loc 1 134 3 view .LVU28
 114              		.loc 1 134 11 is_stmt 0 view .LVU29
 115 0000 90F83D30 		ldrb	r3, [r0, #61]	@ zero_extendqisi2
 116 0004 DBB2     		uxtb	r3, r3
 117              		.loc 1 134 6 view .LVU30
 118 0006 202B     		cmp	r3, #32
 119 0008 01D0     		beq	.L8
 135:/home/nick/dev/stm32cube/rave_backpack/STM32CubeF4/Drivers/STM32F4xx_HAL_Driver/Src/stm32f4xx_hal_i2c_ex.c ****   {
 136:/home/nick/dev/stm32cube/rave_backpack/STM32CubeF4/Drivers/STM32F4xx_HAL_Driver/Src/stm32f4xx_hal_i2c_ex.c ****     hi2c->State = HAL_I2C_STATE_BUSY;
 137:/home/nick/dev/stm32cube/rave_backpack/STM32CubeF4/Drivers/STM32F4xx_HAL_Driver/Src/stm32f4xx_hal_i2c_ex.c **** 
 138:/home/nick/dev/stm32cube/rave_backpack/STM32CubeF4/Drivers/STM32F4xx_HAL_Driver/Src/stm32f4xx_hal_i2c_ex.c ****     /* Disable the selected I2C peripheral */
 139:/home/nick/dev/stm32cube/rave_backpack/STM32CubeF4/Drivers/STM32F4xx_HAL_Driver/Src/stm32f4xx_hal_i2c_ex.c ****     __HAL_I2C_DISABLE(hi2c);
 140:/home/nick/dev/stm32cube/rave_backpack/STM32CubeF4/Drivers/STM32F4xx_HAL_Driver/Src/stm32f4xx_hal_i2c_ex.c **** 
 141:/home/nick/dev/stm32cube/rave_backpack/STM32CubeF4/Drivers/STM32F4xx_HAL_Driver/Src/stm32f4xx_hal_i2c_ex.c ****     /* Get the old register value */
 142:/home/nick/dev/stm32cube/rave_backpack/STM32CubeF4/Drivers/STM32F4xx_HAL_Driver/Src/stm32f4xx_hal_i2c_ex.c ****     tmpreg = hi2c->Instance->FLTR;
 143:/home/nick/dev/stm32cube/rave_backpack/STM32CubeF4/Drivers/STM32F4xx_HAL_Driver/Src/stm32f4xx_hal_i2c_ex.c **** 
 144:/home/nick/dev/stm32cube/rave_backpack/STM32CubeF4/Drivers/STM32F4xx_HAL_Driver/Src/stm32f4xx_hal_i2c_ex.c ****     /* Reset I2Cx DNF bit [3:0] */
 145:/home/nick/dev/stm32cube/rave_backpack/STM32CubeF4/Drivers/STM32F4xx_HAL_Driver/Src/stm32f4xx_hal_i2c_ex.c ****     tmpreg &= ~(I2C_FLTR_DNF);
 146:/home/nick/dev/stm32cube/rave_backpack/STM32CubeF4/Drivers/STM32F4xx_HAL_Driver/Src/stm32f4xx_hal_i2c_ex.c **** 
 147:/home/nick/dev/stm32cube/rave_backpack/STM32CubeF4/Drivers/STM32F4xx_HAL_Driver/Src/stm32f4xx_hal_i2c_ex.c ****     /* Set I2Cx DNF coefficient */
 148:/home/nick/dev/stm32cube/rave_backpack/STM32CubeF4/Drivers/STM32F4xx_HAL_Driver/Src/stm32f4xx_hal_i2c_ex.c ****     tmpreg |= DigitalFilter;
 149:/home/nick/dev/stm32cube/rave_backpack/STM32CubeF4/Drivers/STM32F4xx_HAL_Driver/Src/stm32f4xx_hal_i2c_ex.c **** 
 150:/home/nick/dev/stm32cube/rave_backpack/STM32CubeF4/Drivers/STM32F4xx_HAL_Driver/Src/stm32f4xx_hal_i2c_ex.c ****     /* Store the new register value */
 151:/home/nick/dev/stm32cube/rave_backpack/STM32CubeF4/Drivers/STM32F4xx_HAL_Driver/Src/stm32f4xx_hal_i2c_ex.c ****     hi2c->Instance->FLTR = tmpreg;
 152:/home/nick/dev/stm32cube/rave_backpack/STM32CubeF4/Drivers/STM32F4xx_HAL_Driver/Src/stm32f4xx_hal_i2c_ex.c **** 
 153:/home/nick/dev/stm32cube/rave_backpack/STM32CubeF4/Drivers/STM32F4xx_HAL_Driver/Src/stm32f4xx_hal_i2c_ex.c ****     __HAL_I2C_ENABLE(hi2c);
ARM GAS  /tmp/ccnKOVH8.s 			page 6


 154:/home/nick/dev/stm32cube/rave_backpack/STM32CubeF4/Drivers/STM32F4xx_HAL_Driver/Src/stm32f4xx_hal_i2c_ex.c **** 
 155:/home/nick/dev/stm32cube/rave_backpack/STM32CubeF4/Drivers/STM32F4xx_HAL_Driver/Src/stm32f4xx_hal_i2c_ex.c ****     hi2c->State = HAL_I2C_STATE_READY;
 156:/home/nick/dev/stm32cube/rave_backpack/STM32CubeF4/Drivers/STM32F4xx_HAL_Driver/Src/stm32f4xx_hal_i2c_ex.c **** 
 157:/home/nick/dev/stm32cube/rave_backpack/STM32CubeF4/Drivers/STM32F4xx_HAL_Driver/Src/stm32f4xx_hal_i2c_ex.c ****     return HAL_OK;
 158:/home/nick/dev/stm32cube/rave_backpack/STM32CubeF4/Drivers/STM32F4xx_HAL_Driver/Src/stm32f4xx_hal_i2c_ex.c ****   }
 159:/home/nick/dev/stm32cube/rave_backpack/STM32CubeF4/Drivers/STM32F4xx_HAL_Driver/Src/stm32f4xx_hal_i2c_ex.c ****   else
 160:/home/nick/dev/stm32cube/rave_backpack/STM32CubeF4/Drivers/STM32F4xx_HAL_Driver/Src/stm32f4xx_hal_i2c_ex.c ****   {
 161:/home/nick/dev/stm32cube/rave_backpack/STM32CubeF4/Drivers/STM32F4xx_HAL_Driver/Src/stm32f4xx_hal_i2c_ex.c ****     return HAL_BUSY;
 120              		.loc 1 161 12 view .LVU31
 121 000a 0220     		movs	r0, #2
 122              	.LVL6:
 162:/home/nick/dev/stm32cube/rave_backpack/STM32CubeF4/Drivers/STM32F4xx_HAL_Driver/Src/stm32f4xx_hal_i2c_ex.c ****   }
 163:/home/nick/dev/stm32cube/rave_backpack/STM32CubeF4/Drivers/STM32F4xx_HAL_Driver/Src/stm32f4xx_hal_i2c_ex.c **** }
 123              		.loc 1 163 1 view .LVU32
 124 000c 7047     		bx	lr
 125              	.LVL7:
 126              	.L8:
 136:/home/nick/dev/stm32cube/rave_backpack/STM32CubeF4/Drivers/STM32F4xx_HAL_Driver/Src/stm32f4xx_hal_i2c_ex.c **** 
 127              		.loc 1 136 5 is_stmt 1 view .LVU33
 136:/home/nick/dev/stm32cube/rave_backpack/STM32CubeF4/Drivers/STM32F4xx_HAL_Driver/Src/stm32f4xx_hal_i2c_ex.c **** 
 128              		.loc 1 136 17 is_stmt 0 view .LVU34
 129 000e 2423     		movs	r3, #36
 130 0010 80F83D30 		strb	r3, [r0, #61]
 139:/home/nick/dev/stm32cube/rave_backpack/STM32CubeF4/Drivers/STM32F4xx_HAL_Driver/Src/stm32f4xx_hal_i2c_ex.c **** 
 131              		.loc 1 139 5 is_stmt 1 view .LVU35
 132 0014 0268     		ldr	r2, [r0]
 133 0016 1368     		ldr	r3, [r2]
 134 0018 23F00103 		bic	r3, r3, #1
 135 001c 1360     		str	r3, [r2]
 142:/home/nick/dev/stm32cube/rave_backpack/STM32CubeF4/Drivers/STM32F4xx_HAL_Driver/Src/stm32f4xx_hal_i2c_ex.c **** 
 136              		.loc 1 142 5 view .LVU36
 142:/home/nick/dev/stm32cube/rave_backpack/STM32CubeF4/Drivers/STM32F4xx_HAL_Driver/Src/stm32f4xx_hal_i2c_ex.c **** 
 137              		.loc 1 142 18 is_stmt 0 view .LVU37
 138 001e 0268     		ldr	r2, [r0]
 142:/home/nick/dev/stm32cube/rave_backpack/STM32CubeF4/Drivers/STM32F4xx_HAL_Driver/Src/stm32f4xx_hal_i2c_ex.c **** 
 139              		.loc 1 142 28 view .LVU38
 140 0020 536A     		ldr	r3, [r2, #36]
 142:/home/nick/dev/stm32cube/rave_backpack/STM32CubeF4/Drivers/STM32F4xx_HAL_Driver/Src/stm32f4xx_hal_i2c_ex.c **** 
 141              		.loc 1 142 12 view .LVU39
 142 0022 9BB2     		uxth	r3, r3
 143              	.LVL8:
 145:/home/nick/dev/stm32cube/rave_backpack/STM32CubeF4/Drivers/STM32F4xx_HAL_Driver/Src/stm32f4xx_hal_i2c_ex.c **** 
 144              		.loc 1 145 5 is_stmt 1 view .LVU40
 145:/home/nick/dev/stm32cube/rave_backpack/STM32CubeF4/Drivers/STM32F4xx_HAL_Driver/Src/stm32f4xx_hal_i2c_ex.c **** 
 145              		.loc 1 145 12 is_stmt 0 view .LVU41
 146 0024 23F00F03 		bic	r3, r3, #15
 147              	.LVL9:
 148:/home/nick/dev/stm32cube/rave_backpack/STM32CubeF4/Drivers/STM32F4xx_HAL_Driver/Src/stm32f4xx_hal_i2c_ex.c **** 
 148              		.loc 1 148 5 is_stmt 1 view .LVU42
 148:/home/nick/dev/stm32cube/rave_backpack/STM32CubeF4/Drivers/STM32F4xx_HAL_Driver/Src/stm32f4xx_hal_i2c_ex.c **** 
 149              		.loc 1 148 12 is_stmt 0 view .LVU43
 150 0028 1943     		orrs	r1, r1, r3
 151              	.LVL10:
 148:/home/nick/dev/stm32cube/rave_backpack/STM32CubeF4/Drivers/STM32F4xx_HAL_Driver/Src/stm32f4xx_hal_i2c_ex.c **** 
 152              		.loc 1 148 12 view .LVU44
 153 002a 89B2     		uxth	r1, r1
 154              	.LVL11:
ARM GAS  /tmp/ccnKOVH8.s 			page 7


 151:/home/nick/dev/stm32cube/rave_backpack/STM32CubeF4/Drivers/STM32F4xx_HAL_Driver/Src/stm32f4xx_hal_i2c_ex.c **** 
 155              		.loc 1 151 5 is_stmt 1 view .LVU45
 151:/home/nick/dev/stm32cube/rave_backpack/STM32CubeF4/Drivers/STM32F4xx_HAL_Driver/Src/stm32f4xx_hal_i2c_ex.c **** 
 156              		.loc 1 151 26 is_stmt 0 view .LVU46
 157 002c 5162     		str	r1, [r2, #36]
 153:/home/nick/dev/stm32cube/rave_backpack/STM32CubeF4/Drivers/STM32F4xx_HAL_Driver/Src/stm32f4xx_hal_i2c_ex.c **** 
 158              		.loc 1 153 5 is_stmt 1 view .LVU47
 159 002e 0268     		ldr	r2, [r0]
 160 0030 1368     		ldr	r3, [r2]
 161 0032 43F00103 		orr	r3, r3, #1
 162 0036 1360     		str	r3, [r2]
 155:/home/nick/dev/stm32cube/rave_backpack/STM32CubeF4/Drivers/STM32F4xx_HAL_Driver/Src/stm32f4xx_hal_i2c_ex.c **** 
 163              		.loc 1 155 5 view .LVU48
 155:/home/nick/dev/stm32cube/rave_backpack/STM32CubeF4/Drivers/STM32F4xx_HAL_Driver/Src/stm32f4xx_hal_i2c_ex.c **** 
 164              		.loc 1 155 17 is_stmt 0 view .LVU49
 165 0038 2023     		movs	r3, #32
 166 003a 80F83D30 		strb	r3, [r0, #61]
 157:/home/nick/dev/stm32cube/rave_backpack/STM32CubeF4/Drivers/STM32F4xx_HAL_Driver/Src/stm32f4xx_hal_i2c_ex.c ****   }
 167              		.loc 1 157 5 is_stmt 1 view .LVU50
 157:/home/nick/dev/stm32cube/rave_backpack/STM32CubeF4/Drivers/STM32F4xx_HAL_Driver/Src/stm32f4xx_hal_i2c_ex.c ****   }
 168              		.loc 1 157 12 is_stmt 0 view .LVU51
 169 003e 0020     		movs	r0, #0
 170              	.LVL12:
 157:/home/nick/dev/stm32cube/rave_backpack/STM32CubeF4/Drivers/STM32F4xx_HAL_Driver/Src/stm32f4xx_hal_i2c_ex.c ****   }
 171              		.loc 1 157 12 view .LVU52
 172 0040 7047     		bx	lr
 173              		.cfi_endproc
 174              	.LFE131:
 176              		.text
 177              	.Letext0:
 178              		.file 2 "/usr/lib/gcc/arm-none-eabi/10.3.1/include/stdint.h"
 179              		.file 3 "/home/nick/dev/stm32cube/rave_backpack/STM32CubeF4/Drivers/CMSIS/Device/ST/STM32F4xx/Incl
 180              		.file 4 "/home/nick/dev/stm32cube/rave_backpack/STM32CubeF4/Drivers/STM32F4xx_HAL_Driver/Inc/stm32
 181              		.file 5 "/home/nick/dev/stm32cube/rave_backpack/STM32CubeF4/Drivers/STM32F4xx_HAL_Driver/Inc/stm32
 182              		.file 6 "/home/nick/dev/stm32cube/rave_backpack/STM32CubeF4/Drivers/STM32F4xx_HAL_Driver/Inc/stm32
ARM GAS  /tmp/ccnKOVH8.s 			page 8


DEFINED SYMBOLS
                            *ABS*:0000000000000000 stm32f4xx_hal_i2c_ex.c
     /tmp/ccnKOVH8.s:18     .text.HAL_I2CEx_ConfigAnalogFilter:0000000000000000 $t
     /tmp/ccnKOVH8.s:26     .text.HAL_I2CEx_ConfigAnalogFilter:0000000000000000 HAL_I2CEx_ConfigAnalogFilter
     /tmp/ccnKOVH8.s:95     .text.HAL_I2CEx_ConfigDigitalFilter:0000000000000000 $t
     /tmp/ccnKOVH8.s:102    .text.HAL_I2CEx_ConfigDigitalFilter:0000000000000000 HAL_I2CEx_ConfigDigitalFilter

NO UNDEFINED SYMBOLS
